<?xml version="1.0" encoding="UTF-8"?>
<!-- Generated by org.testng.reporters.JUnitReportReporter -->
<testsuite hostname="LAPTOP-3GA981PS" name="csl.v4.smokeTest.Admin_USER_CRM_Flow" tests="1" failures="0" timestamp="29 May 2018 11:43:17 GMT" time="393.046" errors="0">
  <testcase name="login" time="393.046" classname="csl.v4.smokeTest.Admin_USER_CRM_Flow"/>
</testsuite> <!-- csl.v4.smokeTest.Admin_USER_CRM_Flow -->
