<?xml version="1.0" encoding="UTF-8"?>
<!-- Generated by org.testng.reporters.JUnitReportReporter -->
<testsuite hostname="LAPTOP-3GA981PS" name="com.learnautomation.selenium.Demo" tests="1" failures="0" timestamp="25 Apr 2018 07:05:21 GMT" time="107.256" errors="0">
  <testcase name="login" time="107.256" classname="com.learnautomation.selenium.Demo"/>
</testsuite> <!-- com.learnautomation.selenium.Demo -->
