<?xml version="1.0" encoding="UTF-8"?>
<!-- Generated by org.testng.reporters.JUnitReportReporter -->
<testsuite hostname="LAPTOP-3GA981PS" name="csl.v4.smokeTest.Automation.Admin_Tear_Down_Activities" tests="1" failures="0" timestamp="29 May 2018 12:23:29 GMT" time="425.347" errors="0">
  <testcase name="login" time="425.347" classname="csl.v4.smokeTest.Automation.Admin_Tear_Down_Activities"/>
</testsuite> <!-- csl.v4.smokeTest.Automation.Admin_Tear_Down_Activities -->
