<?xml version="1.0" encoding="UTF-8"?>
<!-- Generated by org.testng.reporters.JUnitReportReporter -->
<testsuite hostname="LAPTOP-3GA981PS" name="csl.v4.smokeTest.Automation.Spanish_User" tests="1" failures="0" timestamp="29 May 2018 12:16:19 GMT" time="154.048" errors="0">
  <testcase name="login" time="154.048" classname="csl.v4.smokeTest.Automation.Spanish_User"/>
</testsuite> <!-- csl.v4.smokeTest.Automation.Spanish_User -->
