<?xml version="1.0" encoding="UTF-8"?>
<!-- Generated by org.testng.reporters.JUnitReportReporter -->
<testsuite hostname="LAPTOP-3GA981PS" name="csl.v4.smokeTest.Automation.Dealer_User" tests="1" failures="0" timestamp="29 May 2018 12:12:58 GMT" time="521.935" errors="0">
  <testcase name="Dealer_login" time="521.935" classname="csl.v4.smokeTest.Automation.Dealer_User"/>
</testsuite> <!-- csl.v4.smokeTest.Automation.Dealer_User -->
