<?xml version="1.0" encoding="UTF-8"?>
<!-- Generated by org.testng.reporters.JUnitReportReporter -->
<testsuite hostname="LAPTOP-3GA981PS" name="com.learnautomation.selenium.Log" tests="1" failures="0" timestamp="12 Apr 2018 09:56:24 GMT" time="28.700" errors="0">
  <testcase name="login" time="28.700" classname="com.learnautomation.selenium.Log"/>
</testsuite> <!-- com.learnautomation.selenium.Log -->
