<?xml version="1.0" encoding="UTF-8"?>
<!-- Generated by org.testng.reporters.JUnitReportReporter -->
<testsuite hostname="LAPTOP-3GA981PS" name="csl.v4.smokeTest.Automation.Admin_Activities" tests="1" failures="0" timestamp="29 May 2018 12:04:04 GMT" time="524.746" errors="0">
  <testcase name="login" time="524.746" classname="csl.v4.smokeTest.Automation.Admin_Activities"/>
</testsuite> <!-- csl.v4.smokeTest.Automation.Admin_Activities -->
