<?xml version="1.0" encoding="UTF-8"?>
<!-- Generated by org.testng.reporters.JUnitReportReporter -->
<testsuite hostname="LAPTOP-3GA981PS" name="com.learnautomation.selenium.Demo" tests="1" failures="0" timestamp="19 Apr 2018 09:54:42 GMT" time="75.691" errors="0">
  <testcase name="login" time="75.691" classname="com.learnautomation.selenium.Demo"/>
</testsuite> <!-- com.learnautomation.selenium.Demo -->
