<?xml version="1.0" encoding="UTF-8"?>
<!-- Generated by org.testng.reporters.JUnitReportReporter -->
<testsuite hostname="LAPTOP-3GA981PS" name="com.learnautomation.selenium.Admin_USER_CRM_Flow" tests="1" failures="0" timestamp="19 Apr 2018 08:55:36 GMT" time="232.556" errors="0">
  <testcase name="login" time="232.556" classname="com.learnautomation.selenium.Admin_USER_CRM_Flow"/>
</testsuite> <!-- com.learnautomation.selenium.Admin_USER_CRM_Flow -->
